<?xml version="1.0" encoding="utf-8" standalone="no"?>
<test-run id="0" name="Workshop.WebDriverBasics.Tests.dll" fullname="C:\PersonalProjects\Workshop.WebDriverBasics.Tests\Workshop.WebDriverBasics\Workshop.WebDriverBasics.Tests\bin\Debug\net8.0\Workshop.WebDriverBasics.Tests.dll" runstate="Runnable" testcasecount="3" result="Failed" total="3" passed="2" failed="1" warnings="0" inconclusive="0" skipped="0" asserts="0" engine-version="3.18.1.0" clr-version="8.0.11" start-time="2024-12-28 08:17:39Z" end-time="2024-12-28 08:17:45Z" duration="6.235572">
  <command-line><![CDATA[C:\PersonalProjects\Workshop.WebDriverBasics.Tests\Workshop.WebDriverBasics\Workshop.WebDriverBasics.Tests\bin\Debug\net8.0\testhost.dll --port 13440 --endpoint 127.0.0.1:013440 --role client --parentprocessid 1288 --telemetryoptedin true]]></command-line>
  <filter>
    <or>
      <test>Workshop.WebDriverBasics.Tests.Tests.DropDownFeatureTests.DropDown_SelectValue_ShouldBeSelected</test>
      <test>Workshop.WebDriverBasics.Tests.Tests.LoginFeatureTests.Login_ValidCredentials_ShouldBeLoggedIn</test>
      <test>Workshop.WebDriverBasics.Tests.Tests.LoginFeatureTests.Login_ValidInvalidPassword_ShouldNotBeLoggedIn</test>
    </or>
  </filter>
  <test-suite type="Assembly" id="0-1006" name="Workshop.WebDriverBasics.Tests.dll" fullname="C:\PersonalProjects\Workshop.WebDriverBasics.Tests\Workshop.WebDriverBasics\Workshop.WebDriverBasics.Tests\bin\Debug\net8.0\Workshop.WebDriverBasics.Tests.dll" runstate="Runnable" testcasecount="3" result="Failed" site="Child" start-time="2024-12-28T08:17:39.2767926Z" end-time="2024-12-28T08:17:45.4793453Z" duration="6.202510" total="3" passed="2" failed="1" warnings="0" inconclusive="0" skipped="0" asserts="0">
    <environment framework-version="4.4.0.0" clr-version="8.0.11" os-version="Microsoft Windows 10.0.26100" platform="Win32NT" cwd="C:\PersonalProjects\Workshop.WebDriverBasics.Tests\Workshop.WebDriverBasics\Workshop.WebDriverBasics.Tests\bin\Debug\net8.0" machine-name="DNEPROKOS-OMEN" user="Master" user-domain="DNEPROKOS-OMEN" culture="en-US" uiculture="en-US" os-architecture="x64" />
    <settings>
      <setting name="SynchronousEvents" value="False" />
      <setting name="InternalTraceLevel" value="Off" />
      <setting name="RandomSeed" value="1899702187" />
      <setting name="TestParametersDictionary" value="[baseUrl, https://qa-automation-test-site.web.app], [login, test@test.com], [password, test], [sessionStorageKey, user], [sessionStorageValue, admin], [logLevel, Debug]">
        <item key="baseUrl" value="https://qa-automation-test-site.web.app" />
        <item key="login" value="test@test.com" />
        <item key="password" value="test" />
        <item key="sessionStorageKey" value="user" />
        <item key="sessionStorageValue" value="admin" />
        <item key="logLevel" value="Debug" />
      </setting>
      <setting name="TestParameters" value="baseUrl=https://qa-automation-test-site.web.app;login=test@test.com;password=test;sessionStorageKey=user;sessionStorageValue=admin;logLevel=Debug" />
      <setting name="SkipNonTestAssemblies" value="True" />
      <setting name="ProcessModel" value="InProcess" />
      <setting name="DomainUsage" value="Single" />
      <setting name="DefaultTestNamePattern" value="{m}{a}" />
      <setting name="WorkDirectory" value="C:\PersonalProjects\Workshop.WebDriverBasics.Tests\Workshop.WebDriverBasics\Workshop.WebDriverBasics.Tests\bin\Debug\net8.0" />
      <setting name="NumberOfTestWorkers" value="12" />
    </settings>
    <properties>
      <property name="ParallelScope" value="All" />
      <property name="LevelOfParallelism" value="30" />
      <property name="_PID" value="58792" />
      <property name="_APPDOMAIN" value="testhost" />
    </properties>
    <failure>
      <message><![CDATA[One or more child tests had errors]]></message>
    </failure>
    <test-suite type="TestSuite" id="0-1007" name="Workshop" fullname="Workshop" runstate="Runnable" testcasecount="3" result="Failed" site="Child" start-time="2024-12-28T08:17:39.2835777Z" end-time="2024-12-28T08:17:45.4793356Z" duration="6.195758" total="3" passed="2" failed="1" warnings="0" inconclusive="0" skipped="0" asserts="0">
      <failure>
        <message><![CDATA[One or more child tests had errors]]></message>
      </failure>
      <test-suite type="TestSuite" id="0-1008" name="WebDriverBasics" fullname="Workshop.WebDriverBasics" runstate="Runnable" testcasecount="3" result="Failed" site="Child" start-time="2024-12-28T08:17:39.2838338Z" end-time="2024-12-28T08:17:45.4793270Z" duration="6.195493" total="3" passed="2" failed="1" warnings="0" inconclusive="0" skipped="0" asserts="0">
        <failure>
          <message><![CDATA[One or more child tests had errors]]></message>
        </failure>
        <test-suite type="SetUpFixture" id="0-1000" name="Tests" fullname="Workshop.WebDriverBasics.Tests.GlobalTestsSetup" classname="Workshop.WebDriverBasics.Tests.GlobalTestsSetup" runstate="Runnable" testcasecount="3" result="Failed" site="Child" start-time="2024-12-28T08:17:39.2839969Z" end-time="2024-12-28T08:17:45.4793058Z" duration="6.195309" total="3" passed="2" failed="1" warnings="0" inconclusive="0" skipped="0" asserts="0">
          <failure>
            <message><![CDATA[One or more child tests had errors]]></message>
          </failure>
          <test-suite type="TestSuite" id="0-1010" name="Tests" fullname="Workshop.WebDriverBasics.Tests.Tests" runstate="Runnable" testcasecount="3" result="Failed" site="Child" start-time="2024-12-28T08:17:39.2912975Z" end-time="2024-12-28T08:17:45.4789404Z" duration="6.187642" total="3" passed="2" failed="1" warnings="0" inconclusive="0" skipped="0" asserts="0">
            <failure>
              <message><![CDATA[One or more child tests had errors]]></message>
            </failure>
            <test-suite type="TestFixture" id="0-1003" name="LoginFeatureTests" fullname="Workshop.WebDriverBasics.Tests.Tests.LoginFeatureTests" classname="Workshop.WebDriverBasics.Tests.Tests.LoginFeatureTests" runstate="Runnable" testcasecount="2" result="Failed" site="Child" start-time="2024-12-28T08:17:39.2915831Z" end-time="2024-12-28T08:17:43.7600605Z" duration="4.468478" total="2" passed="1" failed="1" warnings="0" inconclusive="0" skipped="0" asserts="0">
              <properties>
                <property name="ParallelScope" value="All" />
              </properties>
              <failure>
                <message><![CDATA[One or more child tests had errors]]></message>
              </failure>
              <test-case id="0-1005" name="Login_ValidInvalidPassword_ShouldNotBeLoggedIn" fullname="Workshop.WebDriverBasics.Tests.Tests.LoginFeatureTests.Login_ValidInvalidPassword_ShouldNotBeLoggedIn" methodname="Login_ValidInvalidPassword_ShouldNotBeLoggedIn" classname="Workshop.WebDriverBasics.Tests.Tests.LoginFeatureTests" runstate="Runnable" seed="353578985" result="Passed" start-time="2024-12-28T08:17:39.3006244Z" end-time="2024-12-28T08:17:43.7067388Z" duration="4.406182" asserts="0" />
              <test-case id="0-1004" name="Login_ValidCredentials_ShouldBeLoggedIn" fullname="Workshop.WebDriverBasics.Tests.Tests.LoginFeatureTests.Login_ValidCredentials_ShouldBeLoggedIn" methodname="Login_ValidCredentials_ShouldBeLoggedIn" classname="Workshop.WebDriverBasics.Tests.Tests.LoginFeatureTests" runstate="Runnable" seed="1615979842" result="Failed" label="Error" start-time="2024-12-28T08:17:39.3004339Z" end-time="2024-12-28T08:17:43.7585385Z" duration="4.458105" asserts="0">
                <failure>
                  <message><![CDATA[OpenQA.Selenium.UnhandledAlertException : unexpected alert open: {Alert text : Invalid credentials}
  (Session info: chrome=131.0.6778.205)]]></message>
                  <stack-trace><![CDATA[   at OpenQA.Selenium.WebDriver.UnpackAndThrowOnError(Response errorResponse, String commandToExecute)
   at OpenQA.Selenium.WebDriver.ExecuteAsync(String driverCommandToExecute, Dictionary`2 parameters)
   at OpenQA.Selenium.WebDriver.Execute(String driverCommandToExecute, Dictionary`2 parameters)
   at OpenQA.Selenium.WebDriver.get_Url()
   at Workshop.WebDriverBasics.Tests.Tests.LoginFeatureTests.Login_ValidCredentials_ShouldBeLoggedIn() in C:\PersonalProjects\Workshop.WebDriverBasics.Tests\Workshop.WebDriverBasics\Workshop.WebDriverBasics.Tests\Tests\LoginFeatureTests.cs:line 21
   at System.RuntimeMethodHandle.InvokeMethod(Object target, Void** arguments, Signature sig, Boolean isConstructor)
   at System.Reflection.MethodBaseInvoker.InvokeWithNoArgs(Object obj, BindingFlags invokeAttr)]]></stack-trace>
                </failure>
              </test-case>
            </test-suite>
            <test-suite type="TestFixture" id="0-1001" name="DropDownFeatureTests" fullname="Workshop.WebDriverBasics.Tests.Tests.DropDownFeatureTests" classname="Workshop.WebDriverBasics.Tests.Tests.DropDownFeatureTests" runstate="Runnable" testcasecount="1" result="Passed" start-time="2024-12-28T08:17:39.2915707Z" end-time="2024-12-28T08:17:45.4789062Z" duration="6.187335" total="1" passed="1" failed="0" warnings="0" inconclusive="0" skipped="0" asserts="0">
              <properties>
                <property name="ParallelScope" value="All" />
              </properties>
              <test-case id="0-1002" name="DropDown_SelectValue_ShouldBeSelected" fullname="Workshop.WebDriverBasics.Tests.Tests.DropDownFeatureTests.DropDown_SelectValue_ShouldBeSelected" methodname="DropDown_SelectValue_ShouldBeSelected" classname="Workshop.WebDriverBasics.Tests.Tests.DropDownFeatureTests" runstate="Runnable" seed="352105557" result="Passed" start-time="2024-12-28T08:17:39.3004162Z" end-time="2024-12-28T08:17:45.4786177Z" duration="6.178202" asserts="0" />
            </test-suite>
          </test-suite>
        </test-suite>
      </test-suite>
    </test-suite>
  </test-suite>
</test-run>